<?xml version="1.0" encoding="UTF-8"?>
<!-- Generated by org.testng.reporters.JUnitReportReporter -->
<testsuite hostname="CBT-MH-000" name="TourSearch" tests="1" failures="0" timestamp="12 Oct 2019 08:28:23 GMT" time="142.233" errors="0">
  <testcase name="login1" time="142.233" classname="TourSearch"/>
</testsuite> <!-- TourSearch -->
