<?xml version="1.0" encoding="UTF-8"?>
<!-- Generated by org.testng.reporters.JUnitReportReporter -->
<testsuite hostname="CBT-MH-000" name="TourSearch" tests="1" failures="0" timestamp="14 Oct 2019 04:14:28 GMT" time="53.462" errors="0">
  <testcase name="login1" time="53.462" classname="TourSearch"/>
</testsuite> <!-- TourSearch -->
