<?xml version="1.0" encoding="UTF-8"?>
<!-- Generated by org.testng.reporters.JUnitReportReporter -->
<testsuite hostname="CBT-MH-000" name="HotelSearch" tests="1" failures="0" timestamp="15 Oct 2019 09:17:25 GMT" time="118.543" errors="0">
  <testcase name="login1" time="118.543" classname="HotelSearch"/>
</testsuite> <!-- HotelSearch -->
