<?xml version="1.0" encoding="UTF-8"?>
<!-- Generated by org.testng.reporters.JUnitReportReporter -->
<testsuite hostname="CBT-MH-000" name="Logintitle" tests="1" failures="0" timestamp="3 Oct 2019 07:24:41 GMT" time="215.389" errors="0">
  <testcase name="login1" time="215.389" classname="Logintitle"/>
</testsuite> <!-- Logintitle -->
