<?xml version="1.0" encoding="UTF-8"?>
<!-- Generated by org.testng.reporters.JUnitReportReporter -->
<testsuite hostname="CBT-MH-000" name="Hashtag" tests="1" failures="0" timestamp="23 Oct 2019 12:28:06 GMT" time="42.195" errors="0">
  <testcase name="DisplayHashtag" time="42.195" classname="Hashtag"/>
</testsuite> <!-- Hashtag -->
