<?xml version="1.0" encoding="UTF-8"?>
<!-- Generated by org.testng.reporters.JUnitReportReporter -->
<testsuite hostname="CBT-MH-000" name="Retweet" tests="2" failures="0" timestamp="14 Oct 2019 12:57:07 GMT" time="5.271" errors="0">
  <testcase name="tweet" time="4.530" classname="Retweet"/>
  <testcase name="searchTweet" time="0.741" classname="Retweet"/>
</testsuite> <!-- Retweet -->
