<?xml version="1.0" encoding="UTF-8"?>
<!-- Generated by org.testng.reporters.JUnitReportReporter -->
<testsuite hostname="CBT-MH-000" name="Post_tweet" tests="1" failures="0" timestamp="23 Oct 2019 08:43:47 GMT" time="4.756" errors="0">
  <testcase name="creatTweet" time="4.756" classname="Post_tweet"/>
</testsuite> <!-- Post_tweet -->
