<?xml version="1.0" encoding="UTF-8"?>
<!-- Generated by org.testng.reporters.JUnitReportReporter -->
<testsuite hostname="CBT-MH-000" name="Search" tests="1" failures="0" timestamp="23 Oct 2019 10:44:46 GMT" time="34.306" errors="0">
  <testcase name="searchTweet" time="34.306" classname="Search"/>
</testsuite> <!-- Search -->
