<?xml version="1.0" encoding="UTF-8"?>
<!-- Generated by org.testng.reporters.JUnitReportReporter -->
<testsuite hostname="CBT-MH-000" name="Username" tests="1" failures="0" timestamp="23 Oct 2019 09:05:55 GMT" time="34.542" errors="0">
  <testcase name="searchTweet" time="34.542" classname="Username"/>
</testsuite> <!-- Username -->
