<?xml version="1.0" encoding="UTF-8"?>
<!-- Generated by org.testng.reporters.JUnitReportReporter -->
<testsuite hostname="CBT-MH-000" name="Search" tests="1" failures="0" timestamp="14 Oct 2019 12:51:54 GMT" time="4.115" errors="0">
  <testcase name="searchTweet" time="4.115" classname="Search"/>
</testsuite> <!-- Search -->
