<?xml version="1.0" encoding="UTF-8"?>
<!-- Generated by org.testng.reporters.JUnitReportReporter -->
<testsuite hostname="CBT-MH-000" name="Create" tests="1" failures="0" timestamp="23 Oct 2019 10:31:58 GMT" time="4.851" errors="0">
  <testcase name="Create1" time="4.851" classname="Create"/>
</testsuite> <!-- Create -->
